0 info it worked if it ends with ok
1 verbose cli [ 'E:\\newDevelop\\nodejs\\node.exe',
1 verbose cli   'E:\\newDevelop\\nodejs\\node_modules\\npm\\bin\\npm-cli.js',
1 verbose cli   'start' ]
2 info using npm@3.10.10
3 info using node@v6.10.3
4 verbose run-script [ 'prestart', 'start', 'poststart' ]
5 info lifecycle graduation.server@0.0.0~prestart: graduation.server@0.0.0
6 silly lifecycle graduation.server@0.0.0~prestart: no script for prestart, continuing
7 info lifecycle graduation.server@0.0.0~start: graduation.server@0.0.0
8 verbose lifecycle graduation.server@0.0.0~start: unsafe-perm in lifecycle true
9 verbose lifecycle graduation.server@0.0.0~start: PATH: E:\newDevelop\nodejs\node_modules\npm\bin\node-gyp-bin;E:\毕设\Graduation.Server\node_modules\.bin;C:\Windows\system32;C:\Windows;C:\Windows\System32\Wbem;C:\Windows\System32\WindowsPowerShell\v1.0\;C:\Program Files (x86)\Git\cmd;C:\Program Files\Git\cmd;E:\newDevelop\nodejs\;C:\Users\Vicky\AppData\Local\Programs\Python\Python36\Scripts\;C:\Users\Vicky\AppData\Local\Programs\Python\Python36\;E:\newDevelop\nodejs\node_global;C:\Users\Vicky\AppData\Roaming\npm
10 verbose lifecycle graduation.server@0.0.0~start: CWD: E:\毕设\Graduation.Server
11 silly lifecycle graduation.server@0.0.0~start: Args: [ '/d /s /c', 'node ./bin/www' ]
12 silly lifecycle graduation.server@0.0.0~start: Returned: code: 1  signal: null
13 info lifecycle graduation.server@0.0.0~start: Failed to exec start script
14 verbose stack Error: graduation.server@0.0.0 start: `node ./bin/www`
14 verbose stack Exit status 1
14 verbose stack     at EventEmitter.<anonymous> (E:\newDevelop\nodejs\node_modules\npm\lib\utils\lifecycle.js:255:16)
14 verbose stack     at emitTwo (events.js:106:13)
14 verbose stack     at EventEmitter.emit (events.js:191:7)
14 verbose stack     at ChildProcess.<anonymous> (E:\newDevelop\nodejs\node_modules\npm\lib\utils\spawn.js:40:14)
14 verbose stack     at emitTwo (events.js:106:13)
14 verbose stack     at ChildProcess.emit (events.js:191:7)
14 verbose stack     at maybeClose (internal/child_process.js:886:16)
14 verbose stack     at Process.ChildProcess._handle.onexit (internal/child_process.js:226:5)
15 verbose pkgid graduation.server@0.0.0
16 verbose cwd E:\毕设\Graduation.Server
17 error Windows_NT 10.0.10240
18 error argv "E:\\newDevelop\\nodejs\\node.exe" "E:\\newDevelop\\nodejs\\node_modules\\npm\\bin\\npm-cli.js" "start"
19 error node v6.10.3
20 error npm  v3.10.10
21 error code ELIFECYCLE
22 error graduation.server@0.0.0 start: `node ./bin/www`
22 error Exit status 1
23 error Failed at the graduation.server@0.0.0 start script 'node ./bin/www'.
23 error Make sure you have the latest version of node.js and npm installed.
23 error If you do, this is most likely a problem with the graduation.server package,
23 error not with npm itself.
23 error Tell the author that this fails on your system:
23 error     node ./bin/www
23 error You can get information on how to open an issue for this project with:
23 error     npm bugs graduation.server
23 error Or if that isn't available, you can get their info via:
23 error     npm owner ls graduation.server
23 error There is likely additional logging output above.
24 verbose exit [ 1, true ]
